WARN  2018-02-08 07:25:21 unity.dash.view DashView.cpp:1267 Search failed  ''=> Timed out waiting for scope proxy connection
WARN  2018-02-08 07:25:21 unity.dash.scopeproxy ScopeProxy.cpp:516 Could not search '' on home.scope => Timed out waiting for scope proxy connection
WARN  2018-02-08 07:25:22 unity.iconloader IconLoader.cpp:756 Unable to load icon file:/// at size -1x22: Can't open directory
1518096423041	addons.xpi	WARN	Add-on langpack-en-GB@firefox.mozilla.org is not correctly signed.
1518096423042	addons.xpi	WARN	Add-on langpack-en-ZA@firefox.mozilla.org is not correctly signed.
1518096424204	addons.update-checker	WARN	Update manifest for firefox@getpocket.com did not contain an updates property
1518096424219	addons.update-checker	WARN	Update manifest for aushelper@mozilla.org did not contain an updates property
1518096424259	addons.update-checker	WARN	Update manifest for webcompat@mozilla.org did not contain an updates property
1518096424307	addons.update-checker	WARN	Update manifest for {972ce4c6-7e08-4474-a285-3208198ce6fd} did not contain an updates property
1518096424359	addons.update-checker	WARN	Update manifest for followonsearch@mozilla.com did not contain an updates property
1518096424397	addons.update-checker	WARN	Update manifest for e10srollout@mozilla.org did not contain an updates property
1518096424416	addons.update-checker	WARN	Update manifest for timecop@mozilla.com did not contain an updates property
1518096424433	addons.update-checker	WARN	Update manifest for disable-crash-autosubmit@mozilla.org did not contain an updates property
1518096543214	addons.xpi	WARN	Add-on langpack-en-GB@firefox.mozilla.org is not correctly signed.
1518096543215	addons.xpi	WARN	Add-on langpack-en-ZA@firefox.mozilla.org is not correctly signed.
*************************
A coding exception was thrown and uncaught in a Task.

Full message: TypeError: NetworkError when attempting to fetch resource.
Full stack: loadFile@resource://gre/modules/services-common/blocklist-clients.js:119:30
TaskImpl_run@resource://gre/modules/Task.jsm:319:42
TaskImpl@resource://gre/modules/Task.jsm:277:3
asyncFunction@resource://gre/modules/Task.jsm:252:14
Task_spawn@resource://gre/modules/Task.jsm:166:12
loadDumpFile@resource://gre/modules/services-common/blocklist-clients.js:118:12
syncCollection@resource://gre/modules/services-common/blocklist-clients.js:212:39
TaskImpl_run@resource://gre/modules/Task.jsm:319:42

*************************
1518096662883	addons.xpi	WARN	Add-on langpack-en-GB@firefox.mozilla.org is not correctly signed.
1518096663004	addons.xpi	WARN	Add-on langpack-en-ZA@firefox.mozilla.org is not correctly signed.
WARN  2018-02-08 07:35:14 unity.shell.compiz unityshell.cpp:3241 Animation plugin not found. Can't set minimize speed.
